<?xml version="1.0" encoding="UTF-8"?>
<testng-results ignored="0" total="1" passed="1" failed="0" skipped="0">
  <reporter-output>
  </reporter-output>
  <suite started-at="2025-02-08T17:13:03 IST" name="Default suite" finished-at="2025-02-08T17:13:11 IST" duration-ms="8032">
    <groups>
    </groups>
    <test started-at="2025-02-08T17:13:03 IST" name="Default test" finished-at="2025-02-08T17:13:11 IST" duration-ms="8032">
      <class name="com.ApiTest.Auth2BDD">
        <test-method signature="verifyAuth2UsingBDD()[pri:0, instance:com.ApiTest.Auth2BDD@2c1b194a]" started-at="2025-02-08T17:13:03 IST" name="verifyAuth2UsingBDD" finished-at="2025-02-08T17:13:11 IST" duration-ms="7985" status="PASS">
          <reporter-output>
          </reporter-output>
        </test-method> <!-- verifyAuth2UsingBDD -->
      </class> <!-- com.ApiTest.Auth2BDD -->
    </test> <!-- Default test -->
  </suite> <!-- Default suite -->
</testng-results>
